chat/build/outputs/logs/manifest-merger-debug-report.txt
-- Merging decision tree log ---
manifest
ADDED from src\main\AndroidManifest.xml:2:1-264:12
INJECTED from src\main\AndroidManifest.xml:2:1-264:12
INJECTED from src\main\AndroidManifest.xml:2:1-264:12
INJECTED from src\main\AndroidManifest.xml:2:1-264:12
INJECTED from src\main\AndroidManifest.xml:2:1-264:12
INJECTED from src\main\AndroidManifest.xml:2:1-264:12
INJECTED from src\main\AndroidManifest.xml:2:1-264:12
	package
		ADDED from src\main\AndroidManifest.xml:3:5-42
		INJECTED from src\main\AndroidManifest.xml
		INJECTED from src\main\AndroidManifest.xml
	android:versionName
		INJECTED from src\main\AndroidManifest.xml
		ADDED from src\main\AndroidManifest.xml:2:1-264:12
		INJECTED from src\main\AndroidManifest.xml
	android:versionCode
		INJECTED from src\main\AndroidManifest.xml
		ADDED from src\main\AndroidManifest.xml:2:1-264:12
		INJECTED from src\main\AndroidManifest.xml
	xmlns:android
		ADDED from src\main\AndroidManifest.xml:2:11-69
uses-permission#android.permission.ACCESS_NETWORK_STATE
ADDED from src\main\AndroidManifest.xml:5:5-79
	android:name
		ADDED from src\main\AndroidManifest.xml:5:22-76
uses-permission#android.permission.INTERNET
ADDED from src\main\AndroidManifest.xml:6:5-67
	android:name
		ADDED from src\main\AndroidManifest.xml:6:22-64
uses-permission#android.permission.ACCESS_WIFI_STATE
ADDED from src\main\AndroidManifest.xml:7:5-76
	android:name
		ADDED from src\main\AndroidManifest.xml:7:22-73
uses-permission#android.permission.WRITE_EXTERNAL_STORAGE
ADDED from src\main\AndroidManifest.xml:9:5-81
	android:name
		ADDED from src\main\AndroidManifest.xml:9:22-78
uses-permission#android.permission.CAMERA
ADDED from src\main\AndroidManifest.xml:10:5-65
	android:name
		ADDED from src\main\AndroidManifest.xml:10:22-62
uses-permission#android.permission.RECORD_AUDIO
ADDED from src\main\AndroidManifest.xml:11:5-71
	android:name
		ADDED from src\main\AndroidManifest.xml:11:22-68
uses-permission#android.permission.READ_PHONE_STATE
ADDED from src\main\AndroidManifest.xml:12:5-75
	android:name
		ADDED from src\main\AndroidManifest.xml:12:22-72
uses-permission#android.permission.READ_LOGS
ADDED from src\main\AndroidManifest.xml:13:5-68
	android:name
		ADDED from src\main\AndroidManifest.xml:13:22-65
uses-permission#android.permission.VIBRATE
ADDED from src\main\AndroidManifest.xml:14:5-66
	android:name
		ADDED from src\main\AndroidManifest.xml:14:22-63
uses-permission#android.permission.REQUEST_INSTALL_PACKAGES
ADDED from src\main\AndroidManifest.xml:15:5-83
	android:name
		ADDED from src\main\AndroidManifest.xml:15:22-80
permission#com.tencent.qcloud.tim.tuikit.permission.PROCESS_PUSH_MSG
ADDED from src\main\AndroidManifest.xml:18:5-20:55
	android:protectionLevel
		ADDED from src\main\AndroidManifest.xml:20:9-52
	android:name
		ADDED from src\main\AndroidManifest.xml:19:9-81
uses-permission#com.tencent.qcloud.tim.tuikit.permission.PROCESS_PUSH_MSG
ADDED from src\main\AndroidManifest.xml:22:5-97
	android:name
		ADDED from src\main\AndroidManifest.xml:22:22-94
permission#com.lanqiudi.news10.permission.MIPUSH_RECEIVE
ADDED from src\main\AndroidManifest.xml:25:5-27:47
	android:protectionLevel
		ADDED from src\main\AndroidManifest.xml:27:9-44
	android:name
		ADDED from src\main\AndroidManifest.xml:26:9-69
uses-permission#com.lanqiudi.news10.permission.MIPUSH_RECEIVE
ADDED from src\main\AndroidManifest.xml:29:5-85
	android:name
		ADDED from src\main\AndroidManifest.xml:29:22-82
uses-permission#com.meizu.flyme.push.permission.RECEIVE
ADDED from src\main\AndroidManifest.xml:33:5-79
	android:name
		ADDED from src\main\AndroidManifest.xml:33:22-76
permission#com.tencent.qcloud.tim.tuikit.push.permission.MESSAGE
ADDED from src\main\AndroidManifest.xml:35:5-37:47
	android:protectionLevel
		ADDED from src\main\AndroidManifest.xml:37:9-44
	android:name
		ADDED from src\main\AndroidManifest.xml:36:9-77
uses-permission#com.tencent.qcloud.tim.tuikit.push.permission.MESSAGE
ADDED from src\main\AndroidManifest.xml:39:5-93
	android:name
		ADDED from src\main\AndroidManifest.xml:39:22-90
uses-permission#com.meizu.c2dm.permission.RECEIVE
ADDED from src\main\AndroidManifest.xml:42:5-73
	android:name
		ADDED from src\main\AndroidManifest.xml:42:22-70
permission#com.tencent.qcloud.tim.tuikit.permission.C2D_MESSAGE
ADDED from src\main\AndroidManifest.xml:44:5-46:47
	android:protectionLevel
		ADDED from src\main\AndroidManifest.xml:46:9-44
	android:name
		ADDED from src\main\AndroidManifest.xml:45:9-76
uses-permission#com.tencent.qcloud.tim.tuikit.permission.C2D_MESSAGE
ADDED from src\main\AndroidManifest.xml:48:5-92
	android:name
		ADDED from src\main\AndroidManifest.xml:48:22-89
application
ADDED from src\main\AndroidManifest.xml:59:5-262:19
activity#com.tencent.qcloud.tim.demo.chat.ChatActivity
ADDED from src\main\AndroidManifest.xml:60:9-64:70
	android:screenOrientation
		ADDED from src\main\AndroidManifest.xml:63:13-49
	android:launchMode
		ADDED from src\main\AndroidManifest.xml:62:13-43
	android:windowSoftInputMode
		ADDED from src\main\AndroidManifest.xml:64:13-67
	android:name
		ADDED from src\main\AndroidManifest.xml:61:13-73
activity#com.tencent.qcloud.tim.demo.main.MainActivity
ADDED from src\main\AndroidManifest.xml:65:9-67:52
	android:screenOrientation
		ADDED from src\main\AndroidManifest.xml:67:13-49
	android:name
		ADDED from src\main\AndroidManifest.xml:66:13-73
activity#com.tencent.qcloud.tim.demo.menu.AddMoreActivity
ADDED from src\main\AndroidManifest.xml:68:9-70:52
	android:screenOrientation
		ADDED from src\main\AndroidManifest.xml:70:13-49
	android:name
		ADDED from src\main\AndroidManifest.xml:69:13-76
activity#com.tencent.qcloud.tim.demo.contact.FriendProfileActivity
ADDED from src\main\AndroidManifest.xml:71:9-73:52
	android:screenOrientation
		ADDED from src\main\AndroidManifest.xml:73:13-49
	android:name
		ADDED from src\main\AndroidManifest.xml:72:13-85
activity#com.tencent.qcloud.tim.demo.contact.NewFriendActivity
ADDED from src\main\AndroidManifest.xml:74:9-76:52
	android:screenOrientation
		ADDED from src\main\AndroidManifest.xml:76:13-49
	android:name
		ADDED from src\main\AndroidManifest.xml:75:13-81
activity#com.tencent.qcloud.tim.demo.contact.BlackListActivity
ADDED from src\main\AndroidManifest.xml:77:9-79:52
	android:screenOrientation
		ADDED from src\main\AndroidManifest.xml:79:13-49
	android:name
		ADDED from src\main\AndroidManifest.xml:78:13-81
activity#com.tencent.qcloud.tim.demo.contact.GroupListActivity
ADDED from src\main\AndroidManifest.xml:80:9-82:52
	android:screenOrientation
		ADDED from src\main\AndroidManifest.xml:82:13-49
	android:name
		ADDED from src\main\AndroidManifest.xml:81:13-81
activity#com.tencent.qcloud.tim.demo.menu.StartC2CChatActivity
ADDED from src\main\AndroidManifest.xml:83:9-85:52
	android:screenOrientation
		ADDED from src\main\AndroidManifest.xml:85:13-49
	android:name
		ADDED from src\main\AndroidManifest.xml:84:13-81
activity#com.tencent.qcloud.tim.demo.profile.WebViewActivity
ADDED from src\main\AndroidManifest.xml:86:9-88:52
	android:screenOrientation
		ADDED from src\main\AndroidManifest.xml:88:13-49
	android:name
		ADDED from src\main\AndroidManifest.xml:87:13-79
activity#com.tencent.qcloud.tim.demo.menu.StartGroupChatActivity
ADDED from src\main\AndroidManifest.xml:89:9-92:73
	android:screenOrientation
		ADDED from src\main\AndroidManifest.xml:91:13-49
	android:windowSoftInputMode
		ADDED from src\main\AndroidManifest.xml:92:13-70
	android:name
		ADDED from src\main\AndroidManifest.xml:90:13-83
service#com.xiaomi.push.service.XMPushService
ADDED from src\main\AndroidManifest.xml:95:9-98:46
	android:process
		ADDED from src\main\AndroidManifest.xml:98:13-43
	android:enabled
		ADDED from src\main\AndroidManifest.xml:97:13-35
	android:name
		ADDED from src\main\AndroidManifest.xml:96:13-65
service#com.xiaomi.push.service.XMJobService
ADDED from src\main\AndroidManifest.xml:99:9-104:46
	android:process
		ADDED from src\main\AndroidManifest.xml:104:13-43
	android:enabled
		ADDED from src\main\AndroidManifest.xml:101:13-35
	android:exported
		ADDED from src\main\AndroidManifest.xml:102:13-37
	android:permission
		ADDED from src\main\AndroidManifest.xml:103:13-69
	android:name
		ADDED from src\main\AndroidManifest.xml:100:13-64
service#com.xiaomi.mipush.sdk.PushMessageHandler
ADDED from src\main\AndroidManifest.xml:107:9-110:39
	android:enabled
		ADDED from src\main\AndroidManifest.xml:109:13-35
	android:exported
		ADDED from src\main\AndroidManifest.xml:110:13-36
	android:name
		ADDED from src\main\AndroidManifest.xml:108:13-68
service#com.xiaomi.mipush.sdk.MessageHandleService
ADDED from src\main\AndroidManifest.xml:111:9-113:38
	android:enabled
		ADDED from src\main\AndroidManifest.xml:113:13-35
	android:name
		ADDED from src\main\AndroidManifest.xml:112:13-70
receiver#com.xiaomi.push.service.receivers.NetworkStatusReceiver
ADDED from src\main\AndroidManifest.xml:116:9-124:20
	android:exported
		ADDED from src\main\AndroidManifest.xml:118:13-36
	android:name
		ADDED from src\main\AndroidManifest.xml:117:13-83
intent-filter#action:name:android.net.conn.CONNECTIVITY_CHANGE+category:name:android.intent.category.DEFAULT
ADDED from src\main\AndroidManifest.xml:119:13-123:29
action#android.net.conn.CONNECTIVITY_CHANGE
ADDED from src\main\AndroidManifest.xml:120:17-79
	android:name
		ADDED from src\main\AndroidManifest.xml:120:25-76
category#android.intent.category.DEFAULT
ADDED from src\main\AndroidManifest.xml:122:17-76
	android:name
		ADDED from src\main\AndroidManifest.xml:122:27-73
receiver#com.xiaomi.push.service.receivers.PingReceiver
ADDED from src\main\AndroidManifest.xml:125:9-132:20
	android:process
		ADDED from src\main\AndroidManifest.xml:128:13-43
	android:exported
		ADDED from src\main\AndroidManifest.xml:127:13-37
	android:name
		ADDED from src\main\AndroidManifest.xml:126:13-74
intent-filter#action:name:com.xiaomi.push.PING_TIMER
ADDED from src\main\AndroidManifest.xml:129:13-131:29
action#com.xiaomi.push.PING_TIMER
ADDED from src\main\AndroidManifest.xml:130:17-69
	android:name
		ADDED from src\main\AndroidManifest.xml:130:25-66
receiver#com.tencent.qcloud.tim.demo.thirdpush.XiaomiMsgReceiver
ADDED from src\main\AndroidManifest.xml:135:9-147:20
	android:exported
		ADDED from src\main\AndroidManifest.xml:137:13-36
	android:name
		ADDED from src\main\AndroidManifest.xml:136:13-83
intent-filter#action:name:com.xiaomi.mipush.RECEIVE_MESSAGE
ADDED from src\main\AndroidManifest.xml:138:13-140:29
action#com.xiaomi.mipush.RECEIVE_MESSAGE
ADDED from src\main\AndroidManifest.xml:139:17-76
	android:name
		ADDED from src\main\AndroidManifest.xml:139:25-73
intent-filter#action:name:com.xiaomi.mipush.MESSAGE_ARRIVED
ADDED from src\main\AndroidManifest.xml:141:13-143:29
action#com.xiaomi.mipush.MESSAGE_ARRIVED
ADDED from src\main\AndroidManifest.xml:142:17-76
	android:name
		ADDED from src\main\AndroidManifest.xml:142:25-73
intent-filter#action:name:com.xiaomi.mipush.ERROR
ADDED from src\main\AndroidManifest.xml:144:13-146:29
action#com.xiaomi.mipush.ERROR
ADDED from src\main\AndroidManifest.xml:145:17-66
	android:name
		ADDED from src\main\AndroidManifest.xml:145:25-63
meta-data#com.huawei.hms.client.appid
ADDED from src\main\AndroidManifest.xml:151:9-153:47
	android:value
		ADDED from src\main\AndroidManifest.xml:153:13-44
	android:name
		ADDED from src\main\AndroidManifest.xml:152:13-55
provider#com.huawei.hms.update.provider.UpdateProvider
ADDED from src\main\AndroidManifest.xml:155:9-159:50
	android:grantUriPermissions
		ADDED from src\main\AndroidManifest.xml:159:13-47
	android:authorities
		ADDED from src\main\AndroidManifest.xml:157:13-84
	android:exported
		ADDED from src\main\AndroidManifest.xml:158:13-37
	android:name
		ADDED from src\main\AndroidManifest.xml:156:13-73
provider#com.huawei.updatesdk.fileprovider.UpdateSdkFileProvider
ADDED from src\main\AndroidManifest.xml:161:9-165:49
	android:grantUriPermissions
		ADDED from src\main\AndroidManifest.xml:165:13-47
	android:authorities
		ADDED from src\main\AndroidManifest.xml:163:13-87
	android:exported
		ADDED from src\main\AndroidManifest.xml:164:13-37
	android:name
		ADDED from src\main\AndroidManifest.xml:162:13-83
activity#com.huawei.android.hms.agent.common.HMSAgentActivity
ADDED from src\main\AndroidManifest.xml:167:9-177:20
	android:excludeFromRecents
		ADDED from src\main\AndroidManifest.xml:170:13-46
	android:hardwareAccelerated
		ADDED from src\main\AndroidManifest.xml:172:13-47
	android:exported
		ADDED from src\main\AndroidManifest.xml:171:13-37
	android:configChanges
		ADDED from src\main\AndroidManifest.xml:169:13-92
	android:theme
		ADDED from src\main\AndroidManifest.xml:173:13-61
	android:name
		ADDED from src\main\AndroidManifest.xml:168:13-80
meta-data#hwc-theme
ADDED from src\main\AndroidManifest.xml:174:13-176:77
	android:value
		ADDED from src\main\AndroidManifest.xml:176:17-74
	android:name
		ADDED from src\main\AndroidManifest.xml:175:17-41
activity#com.huawei.hms.activity.BridgeActivity
ADDED from src\main\AndroidManifest.xml:179:9-189:20
	android:excludeFromRecents
		ADDED from src\main\AndroidManifest.xml:182:13-46
	android:hardwareAccelerated
		ADDED from src\main\AndroidManifest.xml:184:13-47
	android:exported
		ADDED from src\main\AndroidManifest.xml:183:13-37
	android:configChanges
		ADDED from src\main\AndroidManifest.xml:181:13-92
	android:theme
		ADDED from src\main\AndroidManifest.xml:185:13-61
	android:name
		ADDED from src\main\AndroidManifest.xml:180:13-66
receiver#com.tencent.qcloud.tim.demo.thirdpush.HUAWEIPushReceiver
ADDED from src\main\AndroidManifest.xml:191:9-203:20
	android:permission
		ADDED from src\main\AndroidManifest.xml:193:13-91
	android:name
		ADDED from src\main\AndroidManifest.xml:192:13-84
intent-filter#action:name:com.huawei.android.push.intent.RECEIVE+action:name:com.huawei.android.push.intent.REGISTRATION+action:name:com.huawei.intent.action.PUSH_DELAY_NOTIFY
ADDED from src\main\AndroidManifest.xml:194:13-202:29
action#com.huawei.android.push.intent.REGISTRATION
ADDED from src\main\AndroidManifest.xml:197:17-86
	android:name
		ADDED from src\main\AndroidManifest.xml:197:25-83
action#com.huawei.android.push.intent.RECEIVE
ADDED from src\main\AndroidManifest.xml:199:17-81
	android:name
		ADDED from src\main\AndroidManifest.xml:199:25-78
action#com.huawei.intent.action.PUSH_DELAY_NOTIFY
ADDED from src\main\AndroidManifest.xml:201:17-85
	android:name
		ADDED from src\main\AndroidManifest.xml:201:25-82
service#com.huawei.hms.support.api.push.service.HmsMsgService
ADDED from src\main\AndroidManifest.xml:205:9-214:19
	android:process
		ADDED from src\main\AndroidManifest.xml:209:13-43
	android:enabled
		ADDED from src\main\AndroidManifest.xml:207:13-35
	android:exported
		ADDED from src\main\AndroidManifest.xml:208:13-36
	android:name
		ADDED from src\main\AndroidManifest.xml:206:13-81
intent-filter#action:name:com.huawei.push.msg.NOTIFY_MSG+action:name:com.huawei.push.msg.PASSBY_MSG
ADDED from src\main\AndroidManifest.xml:210:13-213:29
action#com.huawei.push.msg.NOTIFY_MSG
ADDED from src\main\AndroidManifest.xml:211:17-73
	android:name
		ADDED from src\main\AndroidManifest.xml:211:25-70
action#com.huawei.push.msg.PASSBY_MSG
ADDED from src\main\AndroidManifest.xml:212:17-73
	android:name
		ADDED from src\main\AndroidManifest.xml:212:25-70
receiver#com.tencent.qcloud.tim.demo.thirdpush.MEIZUPushReceiver
ADDED from src\main\AndroidManifest.xml:219:9-234:20
	android:name
		ADDED from src\main\AndroidManifest.xml:219:19-89
intent-filter#action:name:com.meizu.c2dm.intent.RECEIVE+action:name:com.meizu.c2dm.intent.REGISTRATION+action:name:com.meizu.flyme.push.intent.MESSAGE+action:name:com.meizu.flyme.push.intent.REGISTER.FEEDBACK+action:name:com.meizu.flyme.push.intent.UNREGISTER.FEEDBACK+category:name:com.tencent.qcloud.uipojo.thirdpush
ADDED from src\main\AndroidManifest.xml:220:13-233:29
action#com.meizu.flyme.push.intent.MESSAGE
ADDED from src\main\AndroidManifest.xml:223:17-78
	android:name
		ADDED from src\main\AndroidManifest.xml:223:25-75
action#com.meizu.flyme.push.intent.REGISTER.FEEDBACK
ADDED from src\main\AndroidManifest.xml:225:17-88
	android:name
		ADDED from src\main\AndroidManifest.xml:225:25-85
action#com.meizu.flyme.push.intent.UNREGISTER.FEEDBACK
ADDED from src\main\AndroidManifest.xml:227:17-90
	android:name
		ADDED from src\main\AndroidManifest.xml:227:25-87
action#com.meizu.c2dm.intent.REGISTRATION
ADDED from src\main\AndroidManifest.xml:229:17-77
	android:name
		ADDED from src\main\AndroidManifest.xml:229:25-74
action#com.meizu.c2dm.intent.RECEIVE
ADDED from src\main\AndroidManifest.xml:230:17-72
	android:name
		ADDED from src\main\AndroidManifest.xml:230:25-69
category#com.tencent.qcloud.uipojo.thirdpush
ADDED from src\main\AndroidManifest.xml:232:17-80
	android:name
		ADDED from src\main\AndroidManifest.xml:232:27-77
service#com.vivo.push.sdk.service.CommandClientService
ADDED from src\main\AndroidManifest.xml:238:9-240:39
	android:exported
		ADDED from src\main\AndroidManifest.xml:240:13-36
	android:name
		ADDED from src\main\AndroidManifest.xml:239:13-74
activity#com.vivo.push.sdk.LinkProxyClientActivity
ADDED from src\main\AndroidManifest.xml:242:9-246:75
	android:screenOrientation
		ADDED from src\main\AndroidManifest.xml:245:13-49
	android:exported
		ADDED from src\main\AndroidManifest.xml:244:13-37
	android:theme
		ADDED from src\main\AndroidManifest.xml:246:13-72
	android:name
		ADDED from src\main\AndroidManifest.xml:243:13-69
receiver#com.tencent.qcloud.tim.demo.thirdpush.VIVOPushMessageReceiverImpl
ADDED from src\main\AndroidManifest.xml:249:9-255:20
	android:name
		ADDED from src\main\AndroidManifest.xml:249:19-99
intent-filter#action:name:com.vivo.pushclient.action.RECEIVE
ADDED from src\main\AndroidManifest.xml:250:13-254:29
action#com.vivo.pushclient.action.RECEIVE
ADDED from src\main\AndroidManifest.xml:253:17-77
	android:name
		ADDED from src\main\AndroidManifest.xml:253:25-74
meta-data#com.vivo.push.api_key
ADDED from src\main\AndroidManifest.xml:256:9-258:68
	android:value
		ADDED from src\main\AndroidManifest.xml:258:13-65
	android:name
		ADDED from src\main\AndroidManifest.xml:257:13-49
meta-data#com.vivo.push.app_id
ADDED from src\main\AndroidManifest.xml:259:9-261:37
	android:value
		ADDED from src\main\AndroidManifest.xml:261:13-34
	android:name
		ADDED from src\main\AndroidManifest.xml:260:13-48
uses-sdk
INJECTED from src\main\AndroidManifest.xml reason: use-sdk injection requested
INJECTED from src\main\AndroidManifest.xml
INJECTED from src\main\AndroidManifest.xml
INJECTED from src\main\AndroidManifest.xml
INJECTED from src\main\AndroidManifest.xml
	android:targetSdkVersion
		INJECTED from src\main\AndroidManifest.xml
		ADDED from src\main\AndroidManifest.xml
		INJECTED from src\main\AndroidManifest.xml
	android:minSdkVersion
		INJECTED from src\main\AndroidManifest.xml
		ADDED from src\main\AndroidManifest.xml
		INJECTED from src\main\AndroidManifest.xml